  [1m[36m (8.7ms)[0m  [1mCREATE TABLE "schema_migrations" ("version" character varying(255) NOT NULL) [0m
  [1m[35m (13.6ms)[0m  CREATE UNIQUE INDEX  "unique_schema_migrations" ON "schema_migrations"  ("version")
  [1m[36mActiveRecord::SchemaMigration Load (0.4ms)[0m  [1mSELECT "schema_migrations".* FROM "schema_migrations"[0m
Migrating to CreateUsers (20150126155728)
  [1m[35m (0.2ms)[0m  BEGIN
  [1m[36m (9.2ms)[0m  [1mCREATE TABLE "users" ("id" serial primary key, "created_at" timestamp, "updated_at" timestamp) [0m
  [1m[35mSQL (0.3ms)[0m  INSERT INTO "schema_migrations" ("version") VALUES ($1)  [["version", "20150126155728"]]
  [1m[36m (6.3ms)[0m  [1mCOMMIT[0m
Migrating to CreateTags (20150126155733)
  [1m[35m (5.7ms)[0m  BEGIN
  [1m[36m (8.7ms)[0m  [1mCREATE TABLE "tags" ("id" serial primary key, "created_at" timestamp, "updated_at" timestamp) [0m
  [1m[35mSQL (0.2ms)[0m  INSERT INTO "schema_migrations" ("version") VALUES ($1)  [["version", "20150126155733"]]
  [1m[36m (0.4ms)[0m  [1mCOMMIT[0m
Migrating to AddAttributesToUsers (20150127045652)
  [1m[35m (0.4ms)[0m  BEGIN
  [1m[36m (0.5ms)[0m  [1mALTER TABLE "users" ADD COLUMN "latitude" float[0m
  [1m[35m (0.3ms)[0m  ALTER TABLE "users" ADD COLUMN "longitude" float
  [1m[36m (0.3ms)[0m  [1mALTER TABLE "users" ADD COLUMN "tag_id" integer[0m
  [1m[35m (0.3ms)[0m  ALTER TABLE "users" ADD COLUMN "vendor_id" character varying(255)
  [1m[36mSQL (0.1ms)[0m  [1mINSERT INTO "schema_migrations" ("version") VALUES ($1)[0m  [["version", "20150127045652"]]
  [1m[35m (0.4ms)[0m  COMMIT
Migrating to AddAttributesToTags (20150127045713)
  [1m[36m (0.1ms)[0m  [1mBEGIN[0m
  [1m[35m (0.4ms)[0m  ALTER TABLE "tags" ADD COLUMN "name" character varying(255)
  [1m[36mSQL (0.1ms)[0m  [1mINSERT INTO "schema_migrations" ("version") VALUES ($1)[0m  [["version", "20150127045713"]]
  [1m[35m (0.4ms)[0m  COMMIT
  [1m[36mActiveRecord::SchemaMigration Load (0.3ms)[0m  [1mSELECT "schema_migrations".* FROM "schema_migrations"[0m


Started GET "/" for 127.0.0.1 at 2015-03-23 00:25:46 -0400
  [1m[36mActiveRecord::SchemaMigration Load (1.9ms)[0m  [1mSELECT "schema_migrations".* FROM "schema_migrations"[0m
Processing by Rails::WelcomeController#index as HTML
  Rendered /Users/ThoughtWorks/.rvm/gems/ruby-2.1.2/gems/railties-4.1.6/lib/rails/templates/rails/welcome/index.html.erb (2.4ms)
Completed 200 OK in 24ms (Views: 11.8ms | ActiveRecord: 0.0ms)


Started GET "/" for 127.0.0.1 at 2015-03-23 00:26:51 -0400
  [1m[36mActiveRecord::SchemaMigration Load (0.4ms)[0m  [1mSELECT "schema_migrations".* FROM "schema_migrations"[0m
Processing by Rails::WelcomeController#index as HTML
  Rendered /Users/ThoughtWorks/.rvm/gems/ruby-2.1.2/gems/railties-4.1.6/lib/rails/templates/rails/welcome/index.html.erb (1.9ms)
Completed 200 OK in 16ms (Views: 6.7ms | ActiveRecord: 0.0ms)


Started GET "/rails/info/properties" for 127.0.0.1 at 2015-03-23 00:26:59 -0400
Processing by Rails::InfoController#properties as */*
  [1m[35mActiveRecord::SchemaMigration Load (0.4ms)[0m  SELECT "schema_migrations".* FROM "schema_migrations"
  Rendered /Users/ThoughtWorks/.rvm/gems/ruby-2.1.2/gems/railties-4.1.6/lib/rails/templates/rails/info/properties.html.erb (1.2ms)
Completed 200 OK in 29ms (Views: 9.6ms | ActiveRecord: 1.3ms)


Started GET "/" for 127.0.0.1 at 2015-03-23 00:27:11 -0400
Processing by Rails::WelcomeController#index as HTML
  Rendered /Users/ThoughtWorks/.rvm/gems/ruby-2.1.2/gems/railties-4.1.6/lib/rails/templates/rails/welcome/index.html.erb (0.3ms)
Completed 200 OK in 2ms (Views: 1.2ms | ActiveRecord: 0.0ms)


Started GET "/tags" for 127.0.0.1 at 2015-03-23 00:27:12 -0400
Processing by TagsController#index as HTML
Filter chain halted as :authenticate rendered or redirected
Completed 401 Unauthorized in 1ms (ActiveRecord: 0.0ms)


Started GET "/tags" for 127.0.0.1 at 2015-03-23 00:27:40 -0400
Processing by TagsController#index as HTML
Completed 406 Not Acceptable in 2ms

ActionController::UnknownFormat (ActionController::UnknownFormat):
  app/controllers/tags_controller.rb:5:in `index'


  Rendered /Users/ThoughtWorks/.rvm/gems/ruby-2.1.2/gems/actionpack-4.1.6/lib/action_dispatch/middleware/templates/rescues/_source.erb (1.3ms)
  Rendered /Users/ThoughtWorks/.rvm/gems/ruby-2.1.2/gems/actionpack-4.1.6/lib/action_dispatch/middleware/templates/rescues/_trace.html.erb (1.8ms)
  Rendered /Users/ThoughtWorks/.rvm/gems/ruby-2.1.2/gems/actionpack-4.1.6/lib/action_dispatch/middleware/templates/rescues/_request_and_response.html.erb (1.2ms)
  Rendered /Users/ThoughtWorks/.rvm/gems/ruby-2.1.2/gems/actionpack-4.1.6/lib/action_dispatch/middleware/templates/rescues/diagnostics.erb within rescues/layout (23.0ms)


Started GET "/tags" for 127.0.0.1 at 2015-03-23 00:30:33 -0400
  [1m[36mActiveRecord::SchemaMigration Load (0.4ms)[0m  [1mSELECT "schema_migrations".* FROM "schema_migrations"[0m
Processing by TagsController#index as HTML
Filter chain halted as :authenticate rendered or redirected
Completed 401 Unauthorized in 12ms (ActiveRecord: 0.0ms)


Started GET "/tags" for 127.0.0.1 at 2015-03-23 00:30:34 -0400
Processing by TagsController#index as HTML
Completed 406 Not Acceptable in 2ms

ActionController::UnknownFormat (ActionController::UnknownFormat):
  app/controllers/tags_controller.rb:6:in `index'


  Rendered /Users/ThoughtWorks/.rvm/gems/ruby-2.1.2/gems/actionpack-4.1.6/lib/action_dispatch/middleware/templates/rescues/_source.erb (0.7ms)
  Rendered /Users/ThoughtWorks/.rvm/gems/ruby-2.1.2/gems/actionpack-4.1.6/lib/action_dispatch/middleware/templates/rescues/_trace.html.erb (2.0ms)
  Rendered /Users/ThoughtWorks/.rvm/gems/ruby-2.1.2/gems/actionpack-4.1.6/lib/action_dispatch/middleware/templates/rescues/_request_and_response.html.erb (1.2ms)
  Rendered /Users/ThoughtWorks/.rvm/gems/ruby-2.1.2/gems/actionpack-4.1.6/lib/action_dispatch/middleware/templates/rescues/diagnostics.erb within rescues/layout (16.2ms)


Started GET "/tags" for 127.0.0.1 at 2015-03-23 00:30:37 -0400
Processing by TagsController#index as HTML
Completed 406 Not Acceptable in 1ms

ActionController::UnknownFormat (ActionController::UnknownFormat):
  app/controllers/tags_controller.rb:6:in `index'


  Rendered /Users/ThoughtWorks/.rvm/gems/ruby-2.1.2/gems/actionpack-4.1.6/lib/action_dispatch/middleware/templates/rescues/_source.erb (1.0ms)
  Rendered /Users/ThoughtWorks/.rvm/gems/ruby-2.1.2/gems/actionpack-4.1.6/lib/action_dispatch/middleware/templates/rescues/_trace.html.erb (1.1ms)
  Rendered /Users/ThoughtWorks/.rvm/gems/ruby-2.1.2/gems/actionpack-4.1.6/lib/action_dispatch/middleware/templates/rescues/_request_and_response.html.erb (1.2ms)
  Rendered /Users/ThoughtWorks/.rvm/gems/ruby-2.1.2/gems/actionpack-4.1.6/lib/action_dispatch/middleware/templates/rescues/diagnostics.erb within rescues/layout (15.0ms)


Started GET "/tags" for 127.0.0.1 at 2015-03-23 00:30:43 -0400
Processing by TagsController#index as HTML
Filter chain halted as :authenticate rendered or redirected
Completed 401 Unauthorized in 1ms (ActiveRecord: 0.0ms)


Started GET "/tags" for 127.0.0.1 at 2015-03-23 00:30:44 -0400
Processing by TagsController#index as HTML
Filter chain halted as :authenticate rendered or redirected
Completed 401 Unauthorized in 1ms (ActiveRecord: 0.0ms)


Started GET "/" for 127.0.0.1 at 2015-03-23 00:30:44 -0400
Processing by Rails::WelcomeController#index as HTML
  Rendered /Users/ThoughtWorks/.rvm/gems/ruby-2.1.2/gems/railties-4.1.6/lib/rails/templates/rails/welcome/index.html.erb (0.9ms)
Completed 200 OK in 3ms (Views: 1.8ms | ActiveRecord: 0.0ms)


Started GET "/" for 127.0.0.1 at 2015-03-23 00:30:44 -0400
Processing by Rails::WelcomeController#index as HTML
  Rendered /Users/ThoughtWorks/.rvm/gems/ruby-2.1.2/gems/railties-4.1.6/lib/rails/templates/rails/welcome/index.html.erb (0.6ms)
Completed 200 OK in 3ms (Views: 1.9ms | ActiveRecord: 0.0ms)


Started GET "/" for 127.0.0.1 at 2015-03-23 00:30:46 -0400
Processing by Rails::WelcomeController#index as HTML
  Rendered /Users/ThoughtWorks/.rvm/gems/ruby-2.1.2/gems/railties-4.1.6/lib/rails/templates/rails/welcome/index.html.erb (0.3ms)
Completed 200 OK in 2ms (Views: 0.9ms | ActiveRecord: 0.0ms)


Started GET "/" for 127.0.0.1 at 2015-03-23 00:30:47 -0400
Processing by Rails::WelcomeController#index as HTML
  Rendered /Users/ThoughtWorks/.rvm/gems/ruby-2.1.2/gems/railties-4.1.6/lib/rails/templates/rails/welcome/index.html.erb (0.3ms)
Completed 200 OK in 2ms (Views: 1.1ms | ActiveRecord: 0.0ms)


Started GET "/" for 127.0.0.1 at 2015-03-23 00:30:48 -0400
Processing by Rails::WelcomeController#index as HTML
  Rendered /Users/ThoughtWorks/.rvm/gems/ruby-2.1.2/gems/railties-4.1.6/lib/rails/templates/rails/welcome/index.html.erb (0.4ms)
Completed 200 OK in 2ms (Views: 1.2ms | ActiveRecord: 0.0ms)


Started GET "/tags" for 127.0.0.1 at 2015-03-23 00:30:49 -0400
Processing by TagsController#index as HTML
Filter chain halted as :authenticate rendered or redirected
Completed 401 Unauthorized in 1ms (ActiveRecord: 0.0ms)


Started GET "/tags" for 127.0.0.1 at 2015-03-23 00:30:50 -0400
Processing by TagsController#index as HTML
Filter chain halted as :authenticate rendered or redirected
Completed 401 Unauthorized in 1ms (ActiveRecord: 0.0ms)


Started GET "/tags" for 127.0.0.1 at 2015-03-23 00:30:50 -0400
Processing by TagsController#index as HTML
Completed 406 Not Acceptable in 1ms

ActionController::UnknownFormat (ActionController::UnknownFormat):
  app/controllers/tags_controller.rb:6:in `index'


  Rendered /Users/ThoughtWorks/.rvm/gems/ruby-2.1.2/gems/actionpack-4.1.6/lib/action_dispatch/middleware/templates/rescues/_source.erb (1.4ms)
  Rendered /Users/ThoughtWorks/.rvm/gems/ruby-2.1.2/gems/actionpack-4.1.6/lib/action_dispatch/middleware/templates/rescues/_trace.html.erb (1.4ms)
  Rendered /Users/ThoughtWorks/.rvm/gems/ruby-2.1.2/gems/actionpack-4.1.6/lib/action_dispatch/middleware/templates/rescues/_request_and_response.html.erb (1.1ms)
  Rendered /Users/ThoughtWorks/.rvm/gems/ruby-2.1.2/gems/actionpack-4.1.6/lib/action_dispatch/middleware/templates/rescues/diagnostics.erb within rescues/layout (15.0ms)


Started GET "/" for 127.0.0.1 at 2015-03-23 00:34:57 -0400
  [1m[36mActiveRecord::SchemaMigration Load (0.4ms)[0m  [1mSELECT "schema_migrations".* FROM "schema_migrations"[0m
Processing by Rails::WelcomeController#index as HTML
  Rendered /Users/ThoughtWorks/.rvm/gems/ruby-2.1.2/gems/railties-4.1.6/lib/rails/templates/rails/welcome/index.html.erb (1.5ms)
Completed 200 OK in 13ms (Views: 5.2ms | ActiveRecord: 0.0ms)


Started GET "/tags" for 127.0.0.1 at 2015-03-23 00:34:58 -0400
Processing by TagsController#index as HTML
Filter chain halted as :authenticate rendered or redirected
Completed 401 Unauthorized in 1ms (ActiveRecord: 0.0ms)


Started GET "/tags" for 127.0.0.1 at 2015-03-23 00:34:59 -0400
Processing by TagsController#index as HTML
Filter chain halted as :authenticate rendered or redirected
Completed 401 Unauthorized in 1ms (ActiveRecord: 0.0ms)


Started GET "/tags" for 127.0.0.1 at 2015-03-23 00:34:59 -0400
Processing by TagsController#index as HTML
Completed 406 Not Acceptable in 2ms

ActionController::UnknownFormat (ActionController::UnknownFormat):
  app/controllers/tags_controller.rb:6:in `index'


  Rendered /Users/ThoughtWorks/.rvm/gems/ruby-2.1.2/gems/actionpack-4.1.6/lib/action_dispatch/middleware/templates/rescues/_source.erb (1.1ms)
  Rendered /Users/ThoughtWorks/.rvm/gems/ruby-2.1.2/gems/actionpack-4.1.6/lib/action_dispatch/middleware/templates/rescues/_trace.html.erb (1.2ms)
  Rendered /Users/ThoughtWorks/.rvm/gems/ruby-2.1.2/gems/actionpack-4.1.6/lib/action_dispatch/middleware/templates/rescues/_request_and_response.html.erb (1.0ms)
  Rendered /Users/ThoughtWorks/.rvm/gems/ruby-2.1.2/gems/actionpack-4.1.6/lib/action_dispatch/middleware/templates/rescues/diagnostics.erb within rescues/layout (14.1ms)
